<?xml version="1.0" encoding="UTF-8"?>
<!-- Generated by org.testng.reporters.JUnitXMLReporter -->
<testsuite ignored="0" hostname="LAPTOP-C9Q6D5O7" failures="1" tests="1" name="FirefoxTest" time="28.315" errors="0" timestamp="2022-09-13T17:29:33 IST">
  <testcase classname="com.IRCTC.testcases.LoginTest" name="logintest1" time="6.184">
    <failure type="net.sourceforge.tess4j.TesseractException" message="javax.imageio.IIOException: I/O error reading PNG header!">
      <![CDATA[net.sourceforge.tess4j.TesseractException: javax.imageio.IIOException: I/O error reading PNG header!
at net.sourceforge.tess4j.Tesseract.doOCR(Tesseract.java:246)
at net.sourceforge.tess4j.Tesseract.doOCR(Tesseract.java:195)
at com.IRCTC.pages.LoginPage.Login(LoginPage.java:123)
at com.IRCTC.testcases.LoginTest.logintest1(LoginTest.java:48)
at java.base/java.util.ArrayList.forEach(ArrayList.java:1511)
Caused by: javax.imageio.IIOException: I/O error reading PNG header!
at java.desktop/com.sun.imageio.plugins.png.PNGImageReader.readHeader(PNGImageReader.java:321)
at java.desktop/com.sun.imageio.plugins.png.PNGImageReader.readMetadata(PNGImageReader.java:709)
at java.desktop/com.sun.imageio.plugins.png.PNGImageReader.readImage(PNGImageReader.java:1416)
at java.desktop/com.sun.imageio.plugins.png.PNGImageReader.read(PNGImageReader.java:1840)
at java.desktop/javax.imageio.ImageReader.readAll(ImageReader.java:1065)
at net.sourceforge.tess4j.Tesseract.doOCR(Tesseract.java:227)
... 31 more
Caused by: java.io.EOFException
at java.desktop/javax.imageio.stream.ImageInputStreamImpl.readFully(ImageInputStreamImpl.java:353)
at java.desktop/javax.imageio.stream.ImageInputStreamImpl.readFully(ImageInputStreamImpl.java:361)
at java.desktop/com.sun.imageio.plugins.png.PNGImageReader.readHeader(PNGImageReader.java:238)
... 36 more
... Removed 27 stack frames]]>
    </failure>
  </testcase> <!-- logintest1 -->
</testsuite> <!-- FirefoxTest -->
