<?xml version="1.0" encoding="UTF-8"?>
<!-- Generated by org.testng.reporters.JUnitXMLReporter -->
<testsuite ignored="0" hostname="LAPTOP-C9Q6D5O7" failures="1" tests="2" name="Test" time="1.708" errors="0" timestamp="2022-09-13T17:10:23 IST">
  <testcase classname="com.IRCTC.testcases.LoginTest" name="@BeforeMethod setup" time="-1.663069223801E9">
    <failure type="org.testng.TestNGException" message="
Parameter &amp;apos;browser&amp;apos; is required by BeforeMethod on method setup but has not been marked @Optional or defined
in C:\Users\lenovo\eclipse-workspace\IRCTC-CaptchaHandeling\testng.xml">
      <![CDATA[org.testng.TestNGException: 
Parameter 'browser' is required by BeforeMethod on method setup but has not been marked @Optional or defined
in C:\Users\lenovo\eclipse-workspace\IRCTC-CaptchaHandeling\testng.xml
at java.base/java.util.ArrayList.forEach(ArrayList.java:1511)
... Removed 28 stack frames]]>
    </failure>
  </testcase> <!-- @BeforeMethod setup -->
  <testcase classname="com.IRCTC.testcases.LoginTest" name="logintest1" time="0.0">
    <skipped/>
  </testcase> <!-- logintest1 -->
  <testcase classname="com.IRCTC.testcases.LoginTest" name="logintest1" time="1.653">
    <failure type="java.lang.NullPointerException" message="Cannot invoke &amp;quot;org.openqa.selenium.TakesScreenshot.getScreenshotAs(org.openqa.selenium.OutputType)&amp;quot; because &amp;quot;com.IRCTC.utilities.Listener.driver&amp;quot; is null">
      <![CDATA[java.lang.NullPointerException: Cannot invoke "org.openqa.selenium.TakesScreenshot.getScreenshotAs(org.openqa.selenium.OutputType)" because "com.IRCTC.utilities.Listener.driver" is null
at com.IRCTC.utilities.Listener.getCapture(Listener.java:67)
at com.IRCTC.utilities.Listener.onTestSkipped(Listener.java:55)
at java.base/java.util.ArrayList.forEach(ArrayList.java:1511)
... Removed 25 stack frames]]>
    </failure>
  </testcase> <!-- logintest1 -->
</testsuite> <!-- Test -->
