<?xml version="1.0" encoding="UTF-8"?>
<testng-results ignored="0" total="1" passed="1" failed="0" skipped="0">
  <reporter-output>
  </reporter-output>
  <suite started-at="2022-09-15T14:46:06 IST" name="Suite" finished-at="2022-09-15T14:46:51 IST" duration-ms="45417">
    <groups>
    </groups>
    <test started-at="2022-09-15T14:46:06 IST" name="ChromeTest" finished-at="2022-09-15T14:46:51 IST" duration-ms="45417">
      <class name="com.IRCTC.testcases.LoginTest">
        <test-method is-config="true" signature="setup(java.lang.String)[pri:0, instance:com.IRCTC.testcases.LoginTest@4c1f22f3]" started-at="2022-09-15T14:46:08 IST" name="setup" finished-at="2022-09-15T14:46:27 IST" duration-ms="18786" status="PASS">
          <params>
            <param index="0">
              <value>
                <![CDATA[chrome]]>
              </value>
            </param>
          </params>
          <reporter-output>
          </reporter-output>
        </test-method> <!-- setup -->
        <test-method signature="logintest1(java.lang.String,java.lang.String)[pri:0, instance:com.IRCTC.testcases.LoginTest@4c1f22f3]" started-at="2022-09-15T14:46:27 IST" name="logintest1" data-provider="logininfo" finished-at="2022-09-15T14:46:51 IST" duration-ms="24109" status="PASS">
          <params>
            <param index="0">
              <value>
                <![CDATA[TejaswiPachpute]]>
              </value>
            </param>
            <param index="1">
              <value>
                <![CDATA[Tejaswi@2612]]>
              </value>
            </param>
          </params>
          <reporter-output>
          </reporter-output>
        </test-method> <!-- logintest1 -->
        <test-method is-config="true" signature="TearDown()[pri:0, instance:com.IRCTC.testcases.LoginTest@4c1f22f3]" started-at="2022-09-15T14:46:51 IST" name="TearDown" finished-at="2022-09-15T14:46:51 IST" duration-ms="433" status="PASS">
          <reporter-output>
          </reporter-output>
        </test-method> <!-- TearDown -->
      </class> <!-- com.IRCTC.testcases.LoginTest -->
    </test> <!-- ChromeTest -->
  </suite> <!-- Suite -->
</testng-results>
